<?xml version="1.0" encoding="UTF-8"?>
<!-- Generated by org.testng.reporters.JUnitReportReporter -->
<testsuite hostname="usnycpww9456.global.publicisgroupe.net" name="cadilac.mobile.Cart" tests="1" failures="0" timestamp="10 Feb 2016 22:53:56 GMT" time="29.771" errors="0">
  <testcase name="loadBrowserOnDevice" time="29.771" classname="cadilac.mobile.Cart"/>
</testsuite> <!-- cadilac.mobile.Cart -->
