<?xml version="1.0" encoding="UTF-8"?>
<!-- Generated by org.testng.reporters.JUnitReportReporter -->
<testsuite hostname="usnycpww9456.global.publicisgroupe.net" name="brand.appium.ForgotPassword" tests="1" failures="0" timestamp="22 Feb 2016 20:39:56 GMT" time="121.438" errors="0">
  <testcase name="invalidLogin" time="121.438" classname="brand.appium.ForgotPassword"/>
</testsuite> <!-- brand.appium.ForgotPassword -->
