<?xml version="1.0" encoding="UTF-8"?>
<!-- Generated by org.testng.reporters.JUnitReportReporter -->
<testsuite hostname="usnycpww9456.global.publicisgroupe.net" name="shop.product.Articles" tests="1" failures="0" timestamp="20 Jan 2016 15:24:37 GMT" time="76.570" errors="0">
  <testcase name="brandArticle" time="76.570" classname="shop.product.Articles"/>
</testsuite> <!-- shop.product.Articles -->
