<?xml version="1.0" encoding="UTF-8"?>
<!-- Generated by org.testng.reporters.JUnitReportReporter -->
<testsuite hostname="usnycpww9456.global.publicisgroupe.net" name="staging.templates.AllProducts" tests="1" failures="0" timestamp="29 Jan 2016 22:01:24 GMT" time="181.597" errors="0">
  <testcase name="variantName" time="181.597" classname="staging.templates.AllProducts"/>
</testsuite> <!-- staging.templates.AllProducts -->
