<?xml version="1.0" encoding="UTF-8"?>
<!-- Generated by org.testng.reporters.JUnitReportReporter -->
<testsuite hostname="usnycpww9456.global.publicisgroupe.net" name="cadilac.dare.ImagePath" tests="1" failures="0" timestamp="7 Mar 2016 14:49:47 GMT" time="5.485" errors="0">
  <testcase name="getPath" time="5.485" classname="cadilac.dare.ImagePath"/>
</testsuite> <!-- cadilac.dare.ImagePath -->
