<?xml version="1.0" encoding="UTF-8"?>
<!-- Generated by org.testng.reporters.JUnitReportReporter -->
<testsuite hostname="usnycpww9456.global.publicisgroupe.net" name="cadilac.dare.ImagePath" tests="1" failures="0" timestamp="7 Mar 2016 14:28:03 GMT" time="6.804" errors="0">
  <testcase name="getPath" time="6.804" classname="cadilac.dare.ImagePath"/>
</testsuite> <!-- cadilac.dare.ImagePath -->
