<?xml version="1.0" encoding="UTF-8"?>
<!-- Generated by org.testng.reporters.JUnitReportReporter -->
<testsuite hostname="usnycpww9456.global.publicisgroupe.net" name="citi.thankyou.Cart" tests="1" failures="0" timestamp="10 Feb 2016 22:10:31 GMT" time="18.376" errors="0">
  <testcase name="loadBrowserOnDevice" time="18.376" classname="citi.thankyou.Cart"/>
</testsuite> <!-- citi.thankyou.Cart -->
